<?xml version="1.0" encoding="UTF-8"?>
<robot generator="Robot 3.1.1 (Python 3.7.3 on win32)" generated="20190529 16:28:38.252" rpa="false">
<suite id="s1" name="TeamKeywords" source="C:\Users\nesrstova\Desktop\KNE\Robot\TeamKeywords.robot">
<test id="s1-t1" name="Open Lusteniny Page">
<kw name="Open Lusteniny Page">
<arguments>
<arg>${URL}</arg>
<arg>${Browser}</arg>
</arguments>
<kw name="Open Browser" library="Selenium2Library">
<doc>Opens a new browser instance to the given ``url``.</doc>
<arguments>
<arg>${URL}</arg>
<arg>${Browser}</arg>
</arguments>
<msg timestamp="20190529 16:28:38.525" level="INFO">Opening browser 'chrome' to base url 'https://lusteniny.cngroup.dk/'.</msg>
<status status="PASS" starttime="20190529 16:28:38.525" endtime="20190529 16:28:41.226"></status>
</kw>
<kw name="Maximize Browser Window" library="Selenium2Library">
<doc>Maximizes current browser window.</doc>
<status status="PASS" starttime="20190529 16:28:41.226" endtime="20190529 16:28:42.345"></status>
</kw>
<status status="PASS" starttime="20190529 16:28:38.525" endtime="20190529 16:28:42.345"></status>
</kw>
<status status="PASS" starttime="20190529 16:28:38.524" endtime="20190529 16:28:42.345" critical="yes"></status>
</test>
<test id="s1-t2" name="Login">
<kw name="Login">
<arguments>
<arg>${username}</arg>
<arg>${password}</arg>
</arguments>
<kw name="Clear Element Text" library="Selenium2Library">
<doc>Clears the value of text entry element identified by ``locator``.</doc>
<arguments>
<arg>//input[@id='username']</arg>
</arguments>
<status status="PASS" starttime="20190529 16:28:42.347" endtime="20190529 16:28:42.384"></status>
</kw>
<kw name="Input Text" library="Selenium2Library">
<doc>Types the given ``text`` into text field identified by ``locator``.</doc>
<arguments>
<arg>//input[@id='username']</arg>
<arg>${username}</arg>
</arguments>
<msg timestamp="20190529 16:28:42.386" level="INFO">Typing text 'test01' into text field '//input[@id='username']'.</msg>
<status status="PASS" starttime="20190529 16:28:42.386" endtime="20190529 16:28:42.507"></status>
</kw>
<kw name="Clear Element Text" library="Selenium2Library">
<doc>Clears the value of text entry element identified by ``locator``.</doc>
<arguments>
<arg>//input[@type='password']</arg>
</arguments>
<status status="PASS" starttime="20190529 16:28:42.508" endtime="20190529 16:28:42.538"></status>
</kw>
<kw name="Input Text" library="Selenium2Library">
<doc>Types the given ``text`` into text field identified by ``locator``.</doc>
<arguments>
<arg>//input[@type='password']</arg>
<arg>${password}</arg>
</arguments>
<msg timestamp="20190529 16:28:42.538" level="INFO">Typing text '3254' into text field '//input[@type='password']'.</msg>
<status status="PASS" starttime="20190529 16:28:42.538" endtime="20190529 16:28:42.585"></status>
</kw>
<kw name="Click Button" library="Selenium2Library">
<doc>Clicks button identified by ``locator``.</doc>
<arguments>
<arg>//button[@type='submit']</arg>
</arguments>
<msg timestamp="20190529 16:28:42.585" level="INFO">Clicking button '//button[@type='submit']'.</msg>
<status status="PASS" starttime="20190529 16:28:42.585" endtime="20190529 16:28:43.022"></status>
</kw>
<status status="PASS" starttime="20190529 16:28:42.347" endtime="20190529 16:28:43.022"></status>
</kw>
<status status="PASS" starttime="20190529 16:28:42.346" endtime="20190529 16:28:43.024" critical="yes"></status>
</test>
<test id="s1-t3" name="Open List Sifry">
<kw name="Open List Sifry">
<kw name="Click Button" library="Selenium2Library">
<doc>Clicks button identified by ``locator``.</doc>
<arguments>
<arg>//button[@type="button"]</arg>
</arguments>
<msg timestamp="20190529 16:28:43.026" level="INFO">Clicking button '//button[@type="button"]'.</msg>
<status status="PASS" starttime="20190529 16:28:43.026" endtime="20190529 16:28:43.114"></status>
</kw>
<kw name="Click Link" library="Selenium2Library">
<doc>Clicks a link identified by ``locator``.</doc>
<arguments>
<arg>//a[@href="/cypher"]</arg>
</arguments>
<msg timestamp="20190529 16:28:43.114" level="INFO">Clicking link '//a[@href="/cypher"]'.</msg>
<status status="PASS" starttime="20190529 16:28:43.114" endtime="20190529 16:28:43.281"></status>
</kw>
<status status="PASS" starttime="20190529 16:28:43.025" endtime="20190529 16:28:43.281"></status>
</kw>
<status status="PASS" starttime="20190529 16:28:43.025" endtime="20190529 16:28:43.282" critical="yes"></status>
</test>
<test id="s1-t4" name="Open List Karticka">
<kw name="Open List Karticka">
<kw name="Click Button" library="Selenium2Library">
<doc>Clicks button identified by ``locator``.</doc>
<arguments>
<arg>//button[@type="button"]</arg>
</arguments>
<msg timestamp="20190529 16:28:43.283" level="INFO">Clicking button '//button[@type="button"]'.</msg>
<status status="PASS" starttime="20190529 16:28:43.283" endtime="20190529 16:28:43.366"></status>
</kw>
<kw name="Click Link" library="Selenium2Library">
<doc>Clicks a link identified by ``locator``.</doc>
<arguments>
<arg>//a[@href="/img/hintcard.jpg"]</arg>
</arguments>
<msg timestamp="20190529 16:28:43.367" level="INFO">Clicking link '//a[@href="/img/hintcard.jpg"]'.</msg>
<kw name="Capture Page Screenshot" library="Selenium2Library">
<doc>Takes screenshot of the current page and embeds it into log file.</doc>
<msg timestamp="20190529 16:28:43.753" level="INFO" html="yes">&lt;/td&gt;&lt;/tr&gt;&lt;tr&gt;&lt;td colspan="3"&gt;&lt;a href="selenium-screenshot-9.png"&gt;&lt;img src="selenium-screenshot-9.png" width="800px"&gt;&lt;/a&gt;</msg>
<status status="PASS" starttime="20190529 16:28:43.411" endtime="20190529 16:28:43.753"></status>
</kw>
<msg timestamp="20190529 16:28:43.763" level="FAIL">ElementNotVisibleException: Message: element not interactable
  (Session info: chrome=74.0.3729.169)
  (Driver info: chromedriver=2.42.591088 (7b2b2dca23cca0862f674758c9a3933e685c27d5),platform=Windows NT 10.0.17763 x86_64)
</msg>
<status status="FAIL" starttime="20190529 16:28:43.366" endtime="20190529 16:28:43.763"></status>
</kw>
<status status="FAIL" starttime="20190529 16:28:43.283" endtime="20190529 16:28:43.764"></status>
</kw>
<status status="FAIL" starttime="20190529 16:28:43.283" endtime="20190529 16:28:43.764" critical="yes">ElementNotVisibleException: Message: element not interactable
  (Session info: chrome=74.0.3729.169)
  (Driver info: chromedriver=2.42.591088 (7b2b2dca23cca0862f674758c9a3933e685c27d5),platform=Windows NT 10.0.17763 x86_64)
</status>
</test>
<test id="s1-t5" name="Open List Kontakty">
<kw name="Open List Kontakty">
<kw name="Click Button" library="Selenium2Library">
<doc>Clicks button identified by ``locator``.</doc>
<arguments>
<arg>//button[@type="button"]</arg>
</arguments>
<msg timestamp="20190529 16:28:43.766" level="INFO">Clicking button '//button[@type="button"]'.</msg>
<status status="PASS" starttime="20190529 16:28:43.766" endtime="20190529 16:28:43.811"></status>
</kw>
<kw name="Click Link" library="Selenium2Library">
<doc>Clicks a link identified by ``locator``.</doc>
<arguments>
<arg>//a[@href="/contact"]</arg>
</arguments>
<msg timestamp="20190529 16:28:43.812" level="INFO">Clicking link '//a[@href="/contact"]'.</msg>
<status status="PASS" starttime="20190529 16:28:43.812" endtime="20190529 16:28:43.996"></status>
</kw>
<status status="PASS" starttime="20190529 16:28:43.766" endtime="20190529 16:28:43.996"></status>
</kw>
<status status="PASS" starttime="20190529 16:28:43.765" endtime="20190529 16:28:43.997" critical="yes"></status>
</test>
<doc>Open Lusteniny page, Login as a team, Logout, Close browser, Open list Sifry, Karticka, Kontakty, Odhlasit</doc>
<status status="FAIL" starttime="20190529 16:28:38.252" endtime="20190529 16:28:43.998"></status>
</suite>
<statistics>
<total>
<stat pass="4" fail="1">Critical Tests</stat>
<stat pass="4" fail="1">All Tests</stat>
</total>
<tag>
</tag>
<suite>
<stat pass="4" fail="1" id="s1" name="TeamKeywords">TeamKeywords</stat>
</suite>
</statistics>
<errors>
</errors>
</robot>
