<?xml version="1.0" encoding="UTF-8"?>
<robot generator="Robot 3.1.1 (Python 3.7.3 on win32)" generated="20190529 14:14:22.136" rpa="false">
<suite id="s1" name="Admin002" source="C:\Users\nesrstova\Desktop\KNE\Robot\Admin002.robot">
<test id="s1-t1" name="Open page">
<kw name="Open Lusteniny page">
<arguments>
<arg>${URL}</arg>
<arg>${Browser}</arg>
</arguments>
<kw name="Open Browser" library="Selenium2Library">
<doc>Opens a new browser instance to the given ``url``.</doc>
<arguments>
<arg>${URL}</arg>
<arg>${Browser}</arg>
</arguments>
<msg timestamp="20190529 14:14:22.375" level="INFO">Opening browser 'chrome' to base url 'https://lusteniny.cngroup.dk/'.</msg>
<status status="PASS" starttime="20190529 14:14:22.375" endtime="20190529 14:14:24.902"></status>
</kw>
<kw name="Maximize Browser Window" library="Selenium2Library">
<doc>Maximizes current browser window.</doc>
<status status="PASS" starttime="20190529 14:14:24.902" endtime="20190529 14:14:26.023"></status>
</kw>
<status status="PASS" starttime="20190529 14:14:22.375" endtime="20190529 14:14:26.023"></status>
</kw>
<kw name="Wait Until Page Contains" library="Selenium2Library">
<doc>Waits until ``text`` appears on current page.</doc>
<arguments>
<arg>Luštěniny</arg>
</arguments>
<status status="PASS" starttime="20190529 14:14:26.024" endtime="20190529 14:14:26.050"></status>
</kw>
<status status="PASS" starttime="20190529 14:14:22.375" endtime="20190529 14:14:26.052" critical="yes"></status>
</test>
<test id="s1-t2" name="Login">
<kw name="Login">
<arguments>
<arg>${username}</arg>
<arg>${password}</arg>
</arguments>
<msg timestamp="20190529 14:14:26.062" level="FAIL">No keyword with name 'Login' found. Did you mean:
    BuiltIn.Log</msg>
<status status="FAIL" starttime="20190529 14:14:26.062" endtime="20190529 14:14:26.062"></status>
</kw>
<status status="FAIL" starttime="20190529 14:14:26.056" endtime="20190529 14:14:26.065" critical="yes">No keyword with name 'Login' found. Did you mean:
    BuiltIn.Log</status>
</test>
<test id="s1-t3" name="Open Cypher list">
<kw name="Open Cypher list">
<kw name="Click Link" library="Selenium2Library">
<doc>Clicks a link identified by ``locator``.</doc>
<arguments>
<arg>//a[@href="/admin/cypher"]</arg>
</arguments>
<msg timestamp="20190529 14:14:26.071" level="INFO">Clicking link '//a[@href="/admin/cypher"]'.</msg>
<kw name="Capture Page Screenshot" library="Selenium2Library">
<doc>Takes screenshot of the current page and embeds it into log file.</doc>
<msg timestamp="20190529 14:14:27.419" level="INFO" html="yes">&lt;/td&gt;&lt;/tr&gt;&lt;tr&gt;&lt;td colspan="3"&gt;&lt;a href="selenium-screenshot-31.png"&gt;&lt;img src="selenium-screenshot-31.png" width="800px"&gt;&lt;/a&gt;</msg>
<status status="PASS" starttime="20190529 14:14:26.090" endtime="20190529 14:14:27.419"></status>
</kw>
<msg timestamp="20190529 14:14:27.419" level="FAIL">Link with locator '//a[@href="/admin/cypher"]' not found.</msg>
<status status="FAIL" starttime="20190529 14:14:26.071" endtime="20190529 14:14:27.419"></status>
</kw>
<status status="FAIL" starttime="20190529 14:14:26.070" endtime="20190529 14:14:27.419"></status>
</kw>
<status status="FAIL" starttime="20190529 14:14:26.070" endtime="20190529 14:14:27.419" critical="yes">Link with locator '//a[@href="/admin/cypher"]' not found.</status>
</test>
<test id="s1-t4" name="Add Cypher">
<kw name="Add Cypher">
<arguments>
<arg>${Jmeno}</arg>
<arg>${Poradi}</arg>
<arg>${Odpoved}</arg>
<arg>${Falesna_odpoved}</arg>
<arg>${Bonus_info}</arg>
<arg>${Popis_mista}</arg>
<arg>${Adresa}</arg>
</arguments>
<kw name="Click Element" library="Selenium2Library">
<doc>Click element identified by ``locator``.</doc>
<arguments>
<arg>//a[@href="/admin/cypher/add"]</arg>
</arguments>
<msg timestamp="20190529 14:14:27.430" level="INFO">Clicking element '//a[@href="/admin/cypher/add"]'.</msg>
<kw name="Capture Page Screenshot" library="Selenium2Library">
<doc>Takes screenshot of the current page and embeds it into log file.</doc>
<msg timestamp="20190529 14:14:28.594" level="INFO" html="yes">&lt;/td&gt;&lt;/tr&gt;&lt;tr&gt;&lt;td colspan="3"&gt;&lt;a href="selenium-screenshot-32.png"&gt;&lt;img src="selenium-screenshot-32.png" width="800px"&gt;&lt;/a&gt;</msg>
<status status="PASS" starttime="20190529 14:14:27.440" endtime="20190529 14:14:28.594"></status>
</kw>
<msg timestamp="20190529 14:14:28.594" level="FAIL">Element with locator '//a[@href="/admin/cypher/add"]' not found.</msg>
<status status="FAIL" starttime="20190529 14:14:27.429" endtime="20190529 14:14:28.594"></status>
</kw>
<status status="FAIL" starttime="20190529 14:14:27.427" endtime="20190529 14:14:28.594"></status>
</kw>
<status status="FAIL" starttime="20190529 14:14:27.427" endtime="20190529 14:14:28.594" critical="yes">Element with locator '//a[@href="/admin/cypher/add"]' not found.</status>
</test>
<test id="s1-t5" name="Check Detail page">
<kw name="Check Detail">
<arguments>
<arg>${Jmeno}</arg>
<arg>${Poradi}</arg>
<arg>${Odpoved}</arg>
<arg>${Falesna_odpoved}</arg>
<arg>${Bonus_info}</arg>
<arg>${Popis_mista}</arg>
<arg>${Adresa}</arg>
</arguments>
<kw name="Get Text" library="Selenium2Library">
<doc>Returns the text value of element identified by ``locator``.</doc>
<arguments>
<arg>//tr[contains(.,'${Jmeno}')]//td[1]</arg>
</arguments>
<assign>
<var>${cypher_id}</var>
</assign>
<kw name="Capture Page Screenshot" library="Selenium2Library">
<doc>Takes screenshot of the current page and embeds it into log file.</doc>
<msg timestamp="20190529 14:14:29.770" level="INFO" html="yes">&lt;/td&gt;&lt;/tr&gt;&lt;tr&gt;&lt;td colspan="3"&gt;&lt;a href="selenium-screenshot-33.png"&gt;&lt;img src="selenium-screenshot-33.png" width="800px"&gt;&lt;/a&gt;</msg>
<status status="PASS" starttime="20190529 14:14:28.612" endtime="20190529 14:14:29.770"></status>
</kw>
<msg timestamp="20190529 14:14:29.770" level="FAIL">Element with locator '//tr[contains(.,'Tomas Bata')]//td[1]' not found.</msg>
<status status="FAIL" starttime="20190529 14:14:28.594" endtime="20190529 14:14:29.770"></status>
</kw>
<status status="FAIL" starttime="20190529 14:14:28.594" endtime="20190529 14:14:29.770"></status>
</kw>
<status status="FAIL" starttime="20190529 14:14:28.594" endtime="20190529 14:14:29.770" critical="yes">Element with locator '//tr[contains(.,'Tomas Bata')]//td[1]' not found.</status>
</test>
<test id="s1-t6" name="Edit Cypher">
<kw name="Edit Cypher">
<arguments>
<arg>${Jmeno}</arg>
<arg>${Poradi}</arg>
<arg>${Odpoved}</arg>
<arg>${Falesna_odpoved}</arg>
<arg>${Bonus_info}</arg>
<arg>${Popis_mista}</arg>
<arg>${Adresa}</arg>
<arg>${new_Adresa}</arg>
</arguments>
<kw name="Get Text" library="Selenium2Library">
<doc>Returns the text value of element identified by ``locator``.</doc>
<arguments>
<arg>//tr[contains(.,'${Jmeno}')]//td[1]</arg>
</arguments>
<assign>
<var>${cypher_id}</var>
</assign>
<kw name="Capture Page Screenshot" library="Selenium2Library">
<doc>Takes screenshot of the current page and embeds it into log file.</doc>
<msg timestamp="20190529 14:14:30.953" level="INFO" html="yes">&lt;/td&gt;&lt;/tr&gt;&lt;tr&gt;&lt;td colspan="3"&gt;&lt;a href="selenium-screenshot-34.png"&gt;&lt;img src="selenium-screenshot-34.png" width="800px"&gt;&lt;/a&gt;</msg>
<status status="PASS" starttime="20190529 14:14:29.780" endtime="20190529 14:14:30.953"></status>
</kw>
<msg timestamp="20190529 14:14:30.953" level="FAIL">Element with locator '//tr[contains(.,'Tomas Bata')]//td[1]' not found.</msg>
<status status="FAIL" starttime="20190529 14:14:29.778" endtime="20190529 14:14:30.953"></status>
</kw>
<status status="FAIL" starttime="20190529 14:14:29.770" endtime="20190529 14:14:30.953"></status>
</kw>
<status status="FAIL" starttime="20190529 14:14:29.770" endtime="20190529 14:14:30.953" critical="yes">Element with locator '//tr[contains(.,'Tomas Bata')]//td[1]' not found.</status>
</test>
<test id="s1-t7" name="Add hint">
<kw name="Add hint">
<arguments>
<arg>${Jmeno}</arg>
</arguments>
<kw name="Get Text" library="Selenium2Library">
<doc>Returns the text value of element identified by ``locator``.</doc>
<arguments>
<arg>//tr[contains(.,'${Jmeno}')]//td[1]</arg>
</arguments>
<assign>
<var>${cypher_id}</var>
</assign>
<kw name="Capture Page Screenshot" library="Selenium2Library">
<doc>Takes screenshot of the current page and embeds it into log file.</doc>
<msg timestamp="20190529 14:14:32.098" level="INFO" html="yes">&lt;/td&gt;&lt;/tr&gt;&lt;tr&gt;&lt;td colspan="3"&gt;&lt;a href="selenium-screenshot-35.png"&gt;&lt;img src="selenium-screenshot-35.png" width="800px"&gt;&lt;/a&gt;</msg>
<status status="PASS" starttime="20190529 14:14:30.969" endtime="20190529 14:14:32.098"></status>
</kw>
<msg timestamp="20190529 14:14:32.098" level="FAIL">Element with locator '//tr[contains(.,'Tomas Bata')]//td[1]' not found.</msg>
<status status="FAIL" starttime="20190529 14:14:30.953" endtime="20190529 14:14:32.098"></status>
</kw>
<status status="FAIL" starttime="20190529 14:14:30.953" endtime="20190529 14:14:32.098"></status>
</kw>
<status status="FAIL" starttime="20190529 14:14:30.953" endtime="20190529 14:14:32.106" critical="yes">Element with locator '//tr[contains(.,'Tomas Bata')]//td[1]' not found.</status>
</test>
<test id="s1-t8" name="Delete cypher">
<kw name="Delete Cypher">
<arguments>
<arg>${Jmeno}</arg>
</arguments>
<kw name="Get Text" library="Selenium2Library">
<doc>Returns the text value of element identified by ``locator``.</doc>
<arguments>
<arg>//tr[contains(.,'${Jmeno}')]//td[1]</arg>
</arguments>
<assign>
<var>${cypher_id}</var>
</assign>
<kw name="Capture Page Screenshot" library="Selenium2Library">
<doc>Takes screenshot of the current page and embeds it into log file.</doc>
<msg timestamp="20190529 14:14:33.286" level="INFO" html="yes">&lt;/td&gt;&lt;/tr&gt;&lt;tr&gt;&lt;td colspan="3"&gt;&lt;a href="selenium-screenshot-36.png"&gt;&lt;img src="selenium-screenshot-36.png" width="800px"&gt;&lt;/a&gt;</msg>
<status status="PASS" starttime="20190529 14:14:32.119" endtime="20190529 14:14:33.286"></status>
</kw>
<msg timestamp="20190529 14:14:33.287" level="FAIL">Element with locator '//tr[contains(.,'Tomas Bata')]//td[1]' not found.</msg>
<status status="FAIL" starttime="20190529 14:14:32.111" endtime="20190529 14:14:33.287"></status>
</kw>
<status status="FAIL" starttime="20190529 14:14:32.111" endtime="20190529 14:14:33.287"></status>
</kw>
<status status="FAIL" starttime="20190529 14:14:32.111" endtime="20190529 14:14:33.288" critical="yes">Element with locator '//tr[contains(.,'Tomas Bata')]//td[1]' not found.</status>
</test>
<test id="s1-t9" name="Logout">
<kw name="Logout">
<kw name="Click Element" library="Selenium2Library">
<doc>Click element identified by ``locator``.</doc>
<arguments>
<arg>//a[@href='/logout']</arg>
</arguments>
<msg timestamp="20190529 14:14:33.290" level="INFO">Clicking element '//a[@href='/logout']'.</msg>
<kw name="Capture Page Screenshot" library="Selenium2Library">
<doc>Takes screenshot of the current page and embeds it into log file.</doc>
<msg timestamp="20190529 14:14:34.467" level="INFO" html="yes">&lt;/td&gt;&lt;/tr&gt;&lt;tr&gt;&lt;td colspan="3"&gt;&lt;a href="selenium-screenshot-37.png"&gt;&lt;img src="selenium-screenshot-37.png" width="800px"&gt;&lt;/a&gt;</msg>
<status status="PASS" starttime="20190529 14:14:33.301" endtime="20190529 14:14:34.467"></status>
</kw>
<msg timestamp="20190529 14:14:34.469" level="FAIL">Element with locator '//a[@href='/logout']' not found.</msg>
<status status="FAIL" starttime="20190529 14:14:33.290" endtime="20190529 14:14:34.469"></status>
</kw>
<status status="FAIL" starttime="20190529 14:14:33.290" endtime="20190529 14:14:34.469"></status>
</kw>
<status status="FAIL" starttime="20190529 14:14:33.289" endtime="20190529 14:14:34.469" critical="yes">Element with locator '//a[@href='/logout']' not found.</status>
</test>
<test id="s1-t10" name="Browser Shutdown">
<kw name="Browser Shutdown">
<kw name="Close Browser" library="Selenium2Library">
<doc>Closes the current browser.</doc>
<status status="PASS" starttime="20190529 14:14:34.471" endtime="20190529 14:14:36.656"></status>
</kw>
<status status="PASS" starttime="20190529 14:14:34.471" endtime="20190529 14:14:36.656"></status>
</kw>
<status status="PASS" starttime="20190529 14:14:34.470" endtime="20190529 14:14:36.657" critical="yes"></status>
</test>
<doc>This is test to TC Admin002</doc>
<status status="FAIL" starttime="20190529 14:14:22.137" endtime="20190529 14:14:36.659"></status>
</suite>
<statistics>
<total>
<stat pass="2" fail="8">Critical Tests</stat>
<stat pass="2" fail="8">All Tests</stat>
</total>
<tag>
</tag>
<suite>
<stat pass="2" fail="8" id="s1" name="Admin002">Admin002</stat>
</suite>
</statistics>
<errors>
<msg timestamp="20190529 14:14:22.375" level="ERROR">Error in file 'C:\Users\nesrstova\Desktop\KNE\Robot\Admin002.robot': Resource file 'C:\Users\nesrstova\Desktop\KNE\Robot\Admin001.robot' cannot contain tests or tasks.</msg>
</errors>
</robot>
